{
  "numFailedTestSuites": 1,
  "numFailedTests": 0,
  "numPassedTestSuites": 0,
  "numPassedTests": 0,
  "numPendingTestSuites": 0,
  "numPendingTests": 0,
  "numRuntimeErrorTestSuites": 1,
  "numTodoTests": 0,
  "numTotalTestSuites": 1,
  "numTotalTests": 0,
  "openHandles": [],
  "snapshot": {
    "added": 0,
    "didUpdate": false,
    "failure": false,
    "filesAdded": 0,
    "filesRemoved": 0,
    "filesUnmatched": 0,
    "filesUpdated": 0,
    "matched": 0,
    "total": 0,
    "unchecked": 0,
    "uncheckedKeysByFile": [],
    "unmatched": 0,
    "updated": 0
  },
  "startTime": 1692567840475,
  "success": false,
  "testResults": [
    {
      "displayName": "",
      "failureMessage": "  \u001b[1m● \u001b[22mTest suite failed to run\n\n    /Users/djdaniels/code/archived/algorithms-datastructures/projects-js/project-euler/__tests__/project-euler.js:1\n    ({\"Object.<anonymous>\":function(module,exports,require,__dirname,__filename,global,jest){import main01 from '../01-sum-of-divisors';\n                                                                                             ^^^^^^\n\n    SyntaxError: Cannot use import statement outside a module\n\n      \u001b[2mat new Script (\u001b[22mnode:vm\u001b[2m:100:7)\u001b[22m\n      \u001b[2mat ScriptTransformer._transformAndBuildScript (\u001b[22mnode_modules/@jest/transform/build/ScriptTransformer.js\u001b[2m:471:17)\u001b[22m\n      \u001b[2mat ScriptTransformer.transform (\u001b[22mnode_modules/@jest/transform/build/ScriptTransformer.js\u001b[2m:513:25)\u001b[22m\n",
      "leaks": false,
      "numFailingTests": 0,
      "numPassingTests": 0,
      "numPendingTests": 0,
      "numTodoTests": 0,
      "openHandles": [],
      "perfStats": {
        "end": 0,
        "start": 0
      },
      "skipped": false,
      "snapshot": {
        "added": 0,
        "fileDeleted": false,
        "matched": 0,
        "unchecked": 0,
        "uncheckedKeys": [],
        "unmatched": 0,
        "updated": 0
      },
      "testExecError": {},
      "testFilePath": "/Users/djdaniels/code/archived/algorithms-datastructures/projects-js/project-euler/__tests__/project-euler.js",
      "testResults": []
    }
  ],
  "wasInterrupted": false
}